<?xml version="1.0" encoding="UTF-8"?>
<!-- Generated by org.testng.reporters.JUnitXMLReporter -->
<testsuite hostname="M5290478" ignored="0" name="Test" tests="3" failures="0" timestamp="2023-01-14T18:25:54 IST" time="67.602" errors="0">
  <testcase name="test1" time="16.742" classname="remoteTest.DockerValidation.ChromeTest1"/>
  <testcase name="test1" time="17.425" classname="remoteTest.DockerValidation.ChromeTest3"/>
  <testcase name="test1" time="18.535" classname="remoteTest.DockerValidation.ChromeTest2"/>
</testsuite> <!-- Test -->
