<?xml version="1.0" encoding="UTF-8"?>
<!-- Generated by org.testng.reporters.JUnitXMLReporter -->
<testsuite hostname="M5290478" ignored="0" name="Test" tests="3" failures="0" timestamp="13 Jan 2023 11:31:02 GMT" time="75.36" errors="0">
  <testcase name="test1" time="17.604" classname="remoteTest.DockerValidation.ChromeTest3"/>
  <testcase name="test1" time="17.909" classname="remoteTest.DockerValidation.ChromeTest1"/>
  <testcase name="test1" time="21.849" classname="remoteTest.DockerValidation.ChromeTest2"/>
</testsuite> <!-- Test -->
