<?xml version="1.0" encoding="UTF-8"?>
<testng-results skipped="0" failed="0" ignored="0" total="3" passed="3">
  <reporter-output>
  </reporter-output>
  <suite name="Suite" duration-ms="75360" started-at="2023-01-13T11:29:47Z" finished-at="2023-01-13T11:31:02Z">
    <groups>
    </groups>
    <test name="Test" duration-ms="75360" started-at="2023-01-13T11:29:47Z" finished-at="2023-01-13T11:31:02Z">
      <class name="remoteTest.DockerValidation.ChromeTest1">
        <test-method status="PASS" signature="startDockerScale()[pri:0, instance:remoteTest.DockerValidation.ChromeTest1@516be40f]" name="startDockerScale" is-config="true" duration-ms="41258" started-at="2023-01-13T11:29:47Z" finished-at="2023-01-13T11:30:28Z">
          <reporter-output>
          </reporter-output>
        </test-method> <!-- startDockerScale -->
        <test-method status="PASS" signature="test1()[pri:0, instance:remoteTest.DockerValidation.ChromeTest1@516be40f]" name="test1" duration-ms="17909" started-at="2023-01-13T11:30:28Z" finished-at="2023-01-13T11:30:46Z">
          <reporter-output>
          </reporter-output>
        </test-method> <!-- test1 -->
        <test-method status="PASS" signature="StopDockerDelete()[pri:0, instance:remoteTest.DockerValidation.ChromeTest1@516be40f]" name="StopDockerDelete" is-config="true" duration-ms="12099" started-at="2023-01-13T11:30:50Z" finished-at="2023-01-13T11:31:02Z">
          <reporter-output>
          </reporter-output>
        </test-method> <!-- StopDockerDelete -->
      </class> <!-- remoteTest.DockerValidation.ChromeTest1 -->
      <class name="remoteTest.DockerValidation.ChromeTest2">
        <test-method status="PASS" signature="test1()[pri:0, instance:remoteTest.DockerValidation.ChromeTest2@3c0a50da]" name="test1" duration-ms="21849" started-at="2023-01-13T11:30:28Z" finished-at="2023-01-13T11:30:50Z">
          <reporter-output>
          </reporter-output>
        </test-method> <!-- test1 -->
      </class> <!-- remoteTest.DockerValidation.ChromeTest2 -->
      <class name="remoteTest.DockerValidation.ChromeTest3">
        <test-method status="PASS" signature="test1()[pri:0, instance:remoteTest.DockerValidation.ChromeTest3@646be2c3]" name="test1" duration-ms="17604" started-at="2023-01-13T11:30:28Z" finished-at="2023-01-13T11:30:46Z">
          <reporter-output>
          </reporter-output>
        </test-method> <!-- test1 -->
      </class> <!-- remoteTest.DockerValidation.ChromeTest3 -->
    </test> <!-- Test -->
  </suite> <!-- Suite -->
</testng-results>
