<?xml version="1.0" encoding="UTF-8"?>
<testng-results skipped="0" failed="0" ignored="0" total="3" passed="3">
  <reporter-output>
  </reporter-output>
  <suite name="Suite" duration-ms="67602" started-at="2023-01-14T18:24:46 IST" finished-at="2023-01-14T18:25:54 IST">
    <groups>
    </groups>
    <test name="Test" duration-ms="67602" started-at="2023-01-14T18:24:46 IST" finished-at="2023-01-14T18:25:54 IST">
      <class name="remoteTest.DockerValidation.ChromeTest1">
        <test-method status="PASS" signature="startDockerScale()[pri:0, instance:remoteTest.DockerValidation.ChromeTest1@6b9651f3]" name="startDockerScale" is-config="true" duration-ms="36815" started-at="2023-01-14T18:24:46 IST" finished-at="2023-01-14T18:25:23 IST">
          <reporter-output>
          </reporter-output>
        </test-method> <!-- startDockerScale -->
        <test-method status="PASS" signature="test1()[pri:0, instance:remoteTest.DockerValidation.ChromeTest1@6b9651f3]" name="test1" duration-ms="16742" started-at="2023-01-14T18:25:23 IST" finished-at="2023-01-14T18:25:40 IST">
          <reporter-output>
          </reporter-output>
        </test-method> <!-- test1 -->
        <test-method status="PASS" signature="StopDockerDelete()[pri:0, instance:remoteTest.DockerValidation.ChromeTest1@6b9651f3]" name="StopDockerDelete" is-config="true" duration-ms="12099" started-at="2023-01-14T18:25:42 IST" finished-at="2023-01-14T18:25:54 IST">
          <reporter-output>
          </reporter-output>
        </test-method> <!-- StopDockerDelete -->
      </class> <!-- remoteTest.DockerValidation.ChromeTest1 -->
      <class name="remoteTest.DockerValidation.ChromeTest2">
        <test-method status="PASS" signature="test1()[pri:0, instance:remoteTest.DockerValidation.ChromeTest2@528931cf]" name="test1" duration-ms="18535" started-at="2023-01-14T18:25:23 IST" finished-at="2023-01-14T18:25:42 IST">
          <reporter-output>
          </reporter-output>
        </test-method> <!-- test1 -->
      </class> <!-- remoteTest.DockerValidation.ChromeTest2 -->
      <class name="remoteTest.DockerValidation.ChromeTest3">
        <test-method status="PASS" signature="test1()[pri:0, instance:remoteTest.DockerValidation.ChromeTest3@38bc8ab5]" name="test1" duration-ms="17425" started-at="2023-01-14T18:25:23 IST" finished-at="2023-01-14T18:25:41 IST">
          <reporter-output>
          </reporter-output>
        </test-method> <!-- test1 -->
      </class> <!-- remoteTest.DockerValidation.ChromeTest3 -->
    </test> <!-- Test -->
  </suite> <!-- Suite -->
</testng-results>
